<?xml version="1.0" encoding="UTF-8"?>
<testng-results ignored="0" total="1" passed="1" failed="0" skipped="0">
  <reporter-output>
  </reporter-output>
  <suite started-at="2025-11-06T00:31:02 IST" name="Default suite" finished-at="2025-11-06T00:31:11 IST" duration-ms="8800">
    <groups>
    </groups>
    <test started-at="2025-11-06T00:31:02 IST" name="Default test" finished-at="2025-11-06T00:31:11 IST" duration-ms="8800">
      <class name="Tests.LoginTest">
        <test-method is-config="true" signature="setUp()[pri:0, instance:Tests.LoginTest@f6efaab]" started-at="2025-11-06T00:31:03 IST" name="setUp" finished-at="2025-11-06T00:31:10 IST" duration-ms="7468" status="PASS">
          <reporter-output>
          </reporter-output>
        </test-method> <!-- setUp -->
        <test-method signature="testLogin()[pri:0, instance:Tests.LoginTest@f6efaab]" started-at="2025-11-06T00:31:10 IST" name="testLogin" finished-at="2025-11-06T00:31:11 IST" duration-ms="1056" status="PASS">
          <reporter-output>
          </reporter-output>
        </test-method> <!-- testLogin -->
        <test-method is-config="true" signature="tearDown()[pri:0, instance:Tests.LoginTest@f6efaab]" started-at="2025-11-06T00:31:11 IST" name="tearDown" finished-at="2025-11-06T00:31:11 IST" duration-ms="217" status="PASS">
          <reporter-output>
          </reporter-output>
        </test-method> <!-- tearDown -->
      </class> <!-- Tests.LoginTest -->
    </test> <!-- Default test -->
  </suite> <!-- Default suite -->
</testng-results>
